<?xml version="1.0" encoding="UTF-8"?>
<!-- Generated by org.testng.reporters.JUnitReportReporter -->
<testsuite hostname="Amirouches-MacBook-Pro.local" failures="0" tests="1" name="remoteTesting.DockerValidation.AppTest" time="0.007" errors="0" timestamp="2021-10-14T10:47:34 PDT" skipped="0">
  <testcase classname="remoteTesting.DockerValidation.AppTest" name="shouldAnswerWithTrue" time="0.007"/>
  <system-out/>
</testsuite> <!-- remoteTesting.DockerValidation.AppTest -->
