<?xml version="1.0" encoding="UTF-8"?>
<!-- Generated by org.testng.reporters.JUnitReportReporter -->
<testsuite skipped="0" hostname="Amirouches-MacBook-Pro.local" name="remoteTesting.DockerValidation.FireFoxStandAloneTest" tests="1" failures="0" timestamp="2021-11-11T12:38:00 PST" time="7.958" errors="0">
  <testcase name="test1" time="7.958" classname="remoteTesting.DockerValidation.FireFoxStandAloneTest"/>
  <system-out/>
</testsuite> <!-- remoteTesting.DockerValidation.FireFoxStandAloneTest -->
