<?xml version="1.0" encoding="UTF-8"?>
<!-- Generated by org.testng.reporters.JUnitReportReporter -->
<testsuite skipped="0" hostname="Amirouches-MacBook-Pro.local" name="remoteTesting.DockerValidation.ChromeTest2" tests="1" failures="0" timestamp="2021-11-14T18:53:41 PST" time="5.138" errors="0">
  <testcase name="test2" time="5.138" classname="remoteTesting.DockerValidation.ChromeTest2"/>
  <system-out/>
</testsuite> <!-- remoteTesting.DockerValidation.ChromeTest2 -->
