<?xml version="1.0" encoding="UTF-8"?>
<!-- Generated by org.testng.reporters.JUnitReportReporter -->
<testsuite skipped="0" hostname="Amirouches-MacBook-Pro.local" name="remoteTesting.DockerValidation.MainPage" tests="1" failures="0" timestamp="2021-11-14T18:47:31 PST" time="8.048" errors="0">
  <testcase name="StopDocker" time="8.048" classname="remoteTesting.DockerValidation.MainPage"/>
  <system-out/>
</testsuite> <!-- remoteTesting.DockerValidation.MainPage -->
