<?xml version="1.0" encoding="UTF-8"?>
<!-- Generated by org.testng.reporters.JUnitReportReporter -->
<testsuite skipped="0" hostname="Amirouches-MacBook-Pro.local" name="remoteTesting.DockerValidation.StartDocker" tests="1" failures="0" timestamp="2021-11-11T12:38:26 PST" time="74.019" errors="0">
  <testcase name="startUp" time="74.019" classname="remoteTesting.DockerValidation.StartDocker"/>
  <system-out/>
</testsuite> <!-- remoteTesting.DockerValidation.StartDocker -->
